[2024-04-23 09:13:40] INFO  - Starting PapaDonerApplication using Java 20.0.1 with PID 13100 (Z:\GitHub\SpringDonerShop\target\classes started by Tx2OB in Z:\GitHub\SpringDonerShop)
[2024-04-23 09:13:40] INFO  - No active profile set, falling back to 1 default profile: "default"
[2024-04-23 09:13:40] INFO  - Devtools property defaults active! Set 'spring.devtools.add-properties' to 'false' to disable
[2024-04-23 09:13:40] INFO  - For additional web related logging consider setting the 'logging.level.web' property to 'DEBUG'
[2024-04-23 09:13:41] INFO  - Bootstrapping Spring Data JPA repositories in DEFAULT mode.
[2024-04-23 09:13:41] INFO  - Finished Spring Data repository scanning in 34 ms. Found 5 JPA repository interfaces.
[2024-04-23 09:13:42] INFO  - Tomcat initialized with port 8080 (http)
[2024-04-23 09:13:42] INFO  - Starting service [Tomcat]
[2024-04-23 09:13:42] INFO  - Starting Servlet engine: [Apache Tomcat/10.1.19]
[2024-04-23 09:13:42] INFO  - Initializing Spring embedded WebApplicationContext
[2024-04-23 09:13:42] INFO  - Root WebApplicationContext: initialization completed in 1182 ms
[2024-04-23 09:13:42] INFO  - HHH000204: Processing PersistenceUnitInfo [name: default]
[2024-04-23 09:13:42] INFO  - HHH000412: Hibernate ORM core version 6.4.4.Final
[2024-04-23 09:13:42] INFO  - HHH000026: Second-level cache disabled
[2024-04-23 09:13:42] INFO  - No LoadTimeWeaver setup: ignoring JPA class transformer
[2024-04-23 09:13:42] INFO  - HikariPool-1 - Starting...
[2024-04-23 09:13:42] INFO  - HikariPool-1 - Added connection org.postgresql.jdbc.PgConnection@f7a3f82
[2024-04-23 09:13:42] INFO  - HikariPool-1 - Start completed.
[2024-04-23 09:13:43] INFO  - HHH000489: No JTA platform available (set 'hibernate.transaction.jta.platform' to enable JTA platform integration)
[2024-04-23 09:13:43] INFO  - Initialized JPA EntityManagerFactory for persistence unit 'default'
[2024-04-23 09:13:43] INFO  - Hibernate is in classpath; If applicable, HQL parser will be used.
[2024-04-23 09:13:44] WARN  - spring.jpa.open-in-view is enabled by default. Therefore, database queries may be performed during view rendering. Explicitly configure spring.jpa.open-in-view to disable this warning
[2024-04-23 09:13:44] INFO  - LiveReload server is running on port 35729
[2024-04-23 09:13:44] INFO  - Tomcat started on port 8080 (http) with context path ''
[2024-04-23 09:13:44] INFO  - Started PapaDonerApplication in 3.922 seconds (process running for 4.395)
[2024-04-23 09:15:07] INFO  - Closing JPA EntityManagerFactory for persistence unit 'default'
[2024-04-23 09:15:07] INFO  - HikariPool-1 - Shutdown initiated...
[2024-04-23 09:15:07] INFO  - HikariPool-1 - Shutdown completed.
[2024-04-23 09:15:10] INFO  - Starting PapaDonerApplication using Java 20.0.1 with PID 5332 (Z:\GitHub\SpringDonerShop\target\classes started by Tx2OB in Z:\GitHub\SpringDonerShop)
[2024-04-23 09:15:10] INFO  - No active profile set, falling back to 1 default profile: "default"
[2024-04-23 09:15:10] INFO  - Devtools property defaults active! Set 'spring.devtools.add-properties' to 'false' to disable
[2024-04-23 09:15:10] INFO  - For additional web related logging consider setting the 'logging.level.web' property to 'DEBUG'
[2024-04-23 09:15:10] INFO  - Bootstrapping Spring Data JPA repositories in DEFAULT mode.
[2024-04-23 09:15:10] INFO  - Finished Spring Data repository scanning in 32 ms. Found 5 JPA repository interfaces.
[2024-04-23 09:15:11] INFO  - Tomcat initialized with port 8080 (http)
[2024-04-23 09:15:11] INFO  - Starting service [Tomcat]
[2024-04-23 09:15:11] INFO  - Starting Servlet engine: [Apache Tomcat/10.1.19]
[2024-04-23 09:15:11] INFO  - Initializing Spring embedded WebApplicationContext
[2024-04-23 09:15:11] INFO  - Root WebApplicationContext: initialization completed in 961 ms
[2024-04-23 09:15:11] INFO  - HHH000204: Processing PersistenceUnitInfo [name: default]
[2024-04-23 09:15:11] INFO  - HHH000412: Hibernate ORM core version 6.4.4.Final
[2024-04-23 09:15:11] INFO  - HHH000026: Second-level cache disabled
[2024-04-23 09:15:11] INFO  - No LoadTimeWeaver setup: ignoring JPA class transformer
[2024-04-23 09:15:11] INFO  - HikariPool-1 - Starting...
[2024-04-23 09:15:11] INFO  - HikariPool-1 - Added connection org.postgresql.jdbc.PgConnection@2c4ae210
[2024-04-23 09:15:11] INFO  - HikariPool-1 - Start completed.
[2024-04-23 09:15:12] INFO  - HHH000489: No JTA platform available (set 'hibernate.transaction.jta.platform' to enable JTA platform integration)
[2024-04-23 09:15:12] INFO  - Initialized JPA EntityManagerFactory for persistence unit 'default'
[2024-04-23 09:15:12] INFO  - Hibernate is in classpath; If applicable, HQL parser will be used.
[2024-04-23 09:15:13] WARN  - spring.jpa.open-in-view is enabled by default. Therefore, database queries may be performed during view rendering. Explicitly configure spring.jpa.open-in-view to disable this warning
[2024-04-23 09:15:13] INFO  - LiveReload server is running on port 35729
[2024-04-23 09:15:13] INFO  - Tomcat started on port 8080 (http) with context path ''
[2024-04-23 09:15:13] INFO  - Started PapaDonerApplication in 3.746 seconds (process running for 4.18)
[2024-04-23 09:25:44] INFO  - Closing JPA EntityManagerFactory for persistence unit 'default'
[2024-04-23 09:25:44] INFO  - HikariPool-1 - Shutdown initiated...
[2024-04-23 09:25:44] INFO  - HikariPool-1 - Shutdown completed.
[2024-04-23 09:25:46] INFO  - Starting PapaDonerApplication using Java 20.0.1 with PID 16948 (Z:\GitHub\SpringDonerShop\target\classes started by Tx2OB in Z:\GitHub\SpringDonerShop)
[2024-04-23 09:25:46] INFO  - No active profile set, falling back to 1 default profile: "default"
[2024-04-23 09:25:46] INFO  - Devtools property defaults active! Set 'spring.devtools.add-properties' to 'false' to disable
[2024-04-23 09:25:46] INFO  - For additional web related logging consider setting the 'logging.level.web' property to 'DEBUG'
[2024-04-23 09:25:47] INFO  - Bootstrapping Spring Data JPA repositories in DEFAULT mode.
[2024-04-23 09:25:47] INFO  - Finished Spring Data repository scanning in 33 ms. Found 5 JPA repository interfaces.
[2024-04-23 09:25:47] INFO  - Tomcat initialized with port 8080 (http)
[2024-04-23 09:25:47] INFO  - Starting service [Tomcat]
[2024-04-23 09:25:47] INFO  - Starting Servlet engine: [Apache Tomcat/10.1.19]
[2024-04-23 09:25:47] INFO  - Initializing Spring embedded WebApplicationContext
[2024-04-23 09:25:47] INFO  - Root WebApplicationContext: initialization completed in 914 ms
[2024-04-23 09:25:47] INFO  - HHH000204: Processing PersistenceUnitInfo [name: default]
[2024-04-23 09:25:47] INFO  - HHH000412: Hibernate ORM core version 6.4.4.Final
[2024-04-23 09:25:47] INFO  - HHH000026: Second-level cache disabled
[2024-04-23 09:25:48] INFO  - No LoadTimeWeaver setup: ignoring JPA class transformer
[2024-04-23 09:25:48] INFO  - HikariPool-1 - Starting...
[2024-04-23 09:25:48] INFO  - HikariPool-1 - Added connection org.postgresql.jdbc.PgConnection@57df2072
[2024-04-23 09:25:48] INFO  - HikariPool-1 - Start completed.
[2024-04-23 09:25:48] INFO  - HHH000489: No JTA platform available (set 'hibernate.transaction.jta.platform' to enable JTA platform integration)
[2024-04-23 09:25:48] INFO  - Initialized JPA EntityManagerFactory for persistence unit 'default'
[2024-04-23 09:25:49] INFO  - Hibernate is in classpath; If applicable, HQL parser will be used.
[2024-04-23 09:25:49] WARN  - spring.jpa.open-in-view is enabled by default. Therefore, database queries may be performed during view rendering. Explicitly configure spring.jpa.open-in-view to disable this warning
[2024-04-23 09:25:50] INFO  - LiveReload server is running on port 35729
[2024-04-23 09:25:50] INFO  - Tomcat started on port 8080 (http) with context path ''
[2024-04-23 09:25:50] INFO  - Started PapaDonerApplication in 3.574 seconds (process running for 3.958)
[2024-04-23 09:27:36] INFO  - Closing JPA EntityManagerFactory for persistence unit 'default'
[2024-04-23 09:27:36] INFO  - HikariPool-1 - Shutdown initiated...
[2024-04-23 09:27:36] INFO  - HikariPool-1 - Shutdown completed.
[2024-04-23 09:27:40] INFO  - Starting PapaDonerApplication using Java 20.0.1 with PID 3464 (Z:\GitHub\SpringDonerShop\target\classes started by Tx2OB in Z:\GitHub\SpringDonerShop)
[2024-04-23 09:27:40] INFO  - No active profile set, falling back to 1 default profile: "default"
[2024-04-23 09:27:40] INFO  - Devtools property defaults active! Set 'spring.devtools.add-properties' to 'false' to disable
[2024-04-23 09:27:40] INFO  - For additional web related logging consider setting the 'logging.level.web' property to 'DEBUG'
[2024-04-23 09:27:40] INFO  - Bootstrapping Spring Data JPA repositories in DEFAULT mode.
[2024-04-23 09:27:40] INFO  - Finished Spring Data repository scanning in 38 ms. Found 5 JPA repository interfaces.
[2024-04-23 09:27:41] INFO  - Tomcat initialized with port 8080 (http)
[2024-04-23 09:27:41] INFO  - Starting service [Tomcat]
[2024-04-23 09:27:41] INFO  - Starting Servlet engine: [Apache Tomcat/10.1.19]
[2024-04-23 09:27:41] INFO  - Initializing Spring embedded WebApplicationContext
[2024-04-23 09:27:41] INFO  - Root WebApplicationContext: initialization completed in 974 ms
[2024-04-23 09:27:41] INFO  - HHH000204: Processing PersistenceUnitInfo [name: default]
[2024-04-23 09:27:41] INFO  - HHH000412: Hibernate ORM core version 6.4.4.Final
[2024-04-23 09:27:41] INFO  - HHH000026: Second-level cache disabled
[2024-04-23 09:27:41] INFO  - No LoadTimeWeaver setup: ignoring JPA class transformer
[2024-04-23 09:27:41] INFO  - HikariPool-1 - Starting...
[2024-04-23 09:27:41] INFO  - HikariPool-1 - Added connection org.postgresql.jdbc.PgConnection@7236b177
[2024-04-23 09:27:41] INFO  - HikariPool-1 - Start completed.
[2024-04-23 09:27:42] INFO  - HHH000489: No JTA platform available (set 'hibernate.transaction.jta.platform' to enable JTA platform integration)
[2024-04-23 09:27:42] INFO  - Initialized JPA EntityManagerFactory for persistence unit 'default'
[2024-04-23 09:27:42] INFO  - Hibernate is in classpath; If applicable, HQL parser will be used.
[2024-04-23 09:27:42] WARN  - spring.jpa.open-in-view is enabled by default. Therefore, database queries may be performed during view rendering. Explicitly configure spring.jpa.open-in-view to disable this warning
[2024-04-23 09:27:43] INFO  - LiveReload server is running on port 35729
[2024-04-23 09:27:43] INFO  - Tomcat started on port 8080 (http) with context path ''
[2024-04-23 09:27:43] INFO  - Started PapaDonerApplication in 3.618 seconds (process running for 3.997)
[2024-04-23 09:28:00] INFO  - Closing JPA EntityManagerFactory for persistence unit 'default'
[2024-04-23 09:28:00] INFO  - HikariPool-1 - Shutdown initiated...
[2024-04-23 09:28:00] INFO  - HikariPool-1 - Shutdown completed.
[2024-04-23 12:49:50] INFO  - Starting PapaDonerApplication using Java 20.0.1 with PID 14408 (Z:\GitHub\SpringDonerShop\target\classes started by Tx2OB in Z:\GitHub\SpringDonerShop)
[2024-04-23 12:49:50] INFO  - No active profile set, falling back to 1 default profile: "default"
[2024-04-23 12:49:50] INFO  - Devtools property defaults active! Set 'spring.devtools.add-properties' to 'false' to disable
[2024-04-23 12:49:50] INFO  - For additional web related logging consider setting the 'logging.level.web' property to 'DEBUG'
[2024-04-23 12:49:51] INFO  - Bootstrapping Spring Data JPA repositories in DEFAULT mode.
[2024-04-23 12:49:51] INFO  - Finished Spring Data repository scanning in 28 ms. Found 5 JPA repository interfaces.
[2024-04-23 12:49:51] INFO  - Tomcat initialized with port 8080 (http)
[2024-04-23 12:49:51] INFO  - Starting service [Tomcat]
[2024-04-23 12:49:51] INFO  - Starting Servlet engine: [Apache Tomcat/10.1.19]
[2024-04-23 12:49:51] INFO  - Initializing Spring embedded WebApplicationContext
[2024-04-23 12:49:51] INFO  - Root WebApplicationContext: initialization completed in 1007 ms
[2024-04-23 12:49:51] INFO  - HHH000204: Processing PersistenceUnitInfo [name: default]
[2024-04-23 12:49:52] INFO  - HHH000412: Hibernate ORM core version 6.4.4.Final
[2024-04-23 12:49:52] INFO  - HHH000026: Second-level cache disabled
[2024-04-23 12:49:52] INFO  - No LoadTimeWeaver setup: ignoring JPA class transformer
[2024-04-23 12:49:52] INFO  - HikariPool-1 - Starting...
[2024-04-23 12:49:52] INFO  - HikariPool-1 - Added connection org.postgresql.jdbc.PgConnection@2c4ae210
[2024-04-23 12:49:52] INFO  - HikariPool-1 - Start completed.
[2024-04-23 12:49:52] INFO  - HHH000489: No JTA platform available (set 'hibernate.transaction.jta.platform' to enable JTA platform integration)
[2024-04-23 12:49:52] INFO  - Initialized JPA EntityManagerFactory for persistence unit 'default'
[2024-04-23 12:49:53] INFO  - Hibernate is in classpath; If applicable, HQL parser will be used.
[2024-04-23 12:49:53] WARN  - spring.jpa.open-in-view is enabled by default. Therefore, database queries may be performed during view rendering. Explicitly configure spring.jpa.open-in-view to disable this warning
[2024-04-23 12:49:54] INFO  - LiveReload server is running on port 35729
[2024-04-23 12:49:54] INFO  - Tomcat started on port 8080 (http) with context path ''
[2024-04-23 12:49:54] INFO  - Started PapaDonerApplication in 3.678 seconds (process running for 4.079)
[2024-04-23 12:55:03] INFO  - Closing JPA EntityManagerFactory for persistence unit 'default'
[2024-04-23 12:55:03] INFO  - HikariPool-1 - Shutdown initiated...
[2024-04-23 12:55:03] INFO  - HikariPool-1 - Shutdown completed.
[2024-04-23 12:55:07] INFO  - Starting PapaDonerApplication using Java 20.0.1 with PID 12252 (Z:\GitHub\SpringDonerShop\target\classes started by Tx2OB in Z:\GitHub\SpringDonerShop)
[2024-04-23 12:55:07] INFO  - No active profile set, falling back to 1 default profile: "default"
[2024-04-23 12:55:07] INFO  - Devtools property defaults active! Set 'spring.devtools.add-properties' to 'false' to disable
[2024-04-23 12:55:07] INFO  - For additional web related logging consider setting the 'logging.level.web' property to 'DEBUG'
[2024-04-23 12:55:07] INFO  - Bootstrapping Spring Data JPA repositories in DEFAULT mode.
[2024-04-23 12:55:08] INFO  - Finished Spring Data repository scanning in 33 ms. Found 5 JPA repository interfaces.
[2024-04-23 12:55:08] INFO  - Tomcat initialized with port 8080 (http)
[2024-04-23 12:55:08] INFO  - Starting service [Tomcat]
[2024-04-23 12:55:08] INFO  - Starting Servlet engine: [Apache Tomcat/10.1.19]
[2024-04-23 12:55:08] INFO  - Initializing Spring embedded WebApplicationContext
[2024-04-23 12:55:08] INFO  - Root WebApplicationContext: initialization completed in 1083 ms
[2024-04-23 12:55:08] INFO  - HHH000204: Processing PersistenceUnitInfo [name: default]
[2024-04-23 12:55:08] INFO  - HHH000412: Hibernate ORM core version 6.4.4.Final
[2024-04-23 12:55:08] INFO  - HHH000026: Second-level cache disabled
[2024-04-23 12:55:08] INFO  - No LoadTimeWeaver setup: ignoring JPA class transformer
[2024-04-23 12:55:08] INFO  - HikariPool-1 - Starting...
[2024-04-23 12:55:09] INFO  - HikariPool-1 - Added connection org.postgresql.jdbc.PgConnection@4276503f
[2024-04-23 12:55:09] INFO  - HikariPool-1 - Start completed.
[2024-04-23 12:55:09] INFO  - HHH000489: No JTA platform available (set 'hibernate.transaction.jta.platform' to enable JTA platform integration)
[2024-04-23 12:55:09] INFO  - Initialized JPA EntityManagerFactory for persistence unit 'default'
[2024-04-23 12:55:10] INFO  - Hibernate is in classpath; If applicable, HQL parser will be used.
[2024-04-23 12:55:10] WARN  - spring.jpa.open-in-view is enabled by default. Therefore, database queries may be performed during view rendering. Explicitly configure spring.jpa.open-in-view to disable this warning
[2024-04-23 12:55:11] INFO  - LiveReload server is running on port 35729
[2024-04-23 12:55:11] INFO  - Tomcat started on port 8080 (http) with context path ''
[2024-04-23 12:55:11] INFO  - Started PapaDonerApplication in 3.735 seconds (process running for 4.083)
[2024-04-23 12:55:13] INFO  - Closing JPA EntityManagerFactory for persistence unit 'default'
[2024-04-23 12:55:13] INFO  - HikariPool-1 - Shutdown initiated...
[2024-04-23 12:55:13] INFO  - HikariPool-1 - Shutdown completed.
[2024-04-23 12:56:10] INFO  - Starting PapaDonerApplication using Java 20.0.1 with PID 17544 (Z:\GitHub\SpringDonerShop\target\classes started by Tx2OB in Z:\GitHub\SpringDonerShop)
[2024-04-23 12:56:10] INFO  - No active profile set, falling back to 1 default profile: "default"
[2024-04-23 12:56:10] INFO  - Devtools property defaults active! Set 'spring.devtools.add-properties' to 'false' to disable
[2024-04-23 12:56:10] INFO  - For additional web related logging consider setting the 'logging.level.web' property to 'DEBUG'
[2024-04-23 12:56:10] INFO  - Bootstrapping Spring Data JPA repositories in DEFAULT mode.
[2024-04-23 12:56:11] INFO  - Finished Spring Data repository scanning in 33 ms. Found 5 JPA repository interfaces.
[2024-04-23 12:56:11] INFO  - Tomcat initialized with port 8080 (http)
[2024-04-23 12:56:11] INFO  - Starting service [Tomcat]
[2024-04-23 12:56:11] INFO  - Starting Servlet engine: [Apache Tomcat/10.1.19]
[2024-04-23 12:56:11] INFO  - Initializing Spring embedded WebApplicationContext
[2024-04-23 12:56:11] INFO  - Root WebApplicationContext: initialization completed in 910 ms
[2024-04-23 12:56:11] INFO  - HHH000204: Processing PersistenceUnitInfo [name: default]
[2024-04-23 12:56:11] INFO  - HHH000412: Hibernate ORM core version 6.4.4.Final
[2024-04-23 12:56:11] INFO  - HHH000026: Second-level cache disabled
[2024-04-23 12:56:11] INFO  - No LoadTimeWeaver setup: ignoring JPA class transformer
[2024-04-23 12:56:11] INFO  - HikariPool-1 - Starting...
[2024-04-23 12:56:11] INFO  - HikariPool-1 - Added connection org.postgresql.jdbc.PgConnection@5b4035b6
[2024-04-23 12:56:11] INFO  - HikariPool-1 - Start completed.
[2024-04-23 12:56:12] INFO  - HHH000489: No JTA platform available (set 'hibernate.transaction.jta.platform' to enable JTA platform integration)
[2024-04-23 12:56:12] INFO  - Initialized JPA EntityManagerFactory for persistence unit 'default'
[2024-04-23 12:56:13] INFO  - Hibernate is in classpath; If applicable, HQL parser will be used.
[2024-04-23 12:56:13] WARN  - spring.jpa.open-in-view is enabled by default. Therefore, database queries may be performed during view rendering. Explicitly configure spring.jpa.open-in-view to disable this warning
[2024-04-23 12:56:13] INFO  - LiveReload server is running on port 35729
[2024-04-23 12:56:13] INFO  - Tomcat started on port 8080 (http) with context path ''
[2024-04-23 12:56:13] INFO  - Started PapaDonerApplication in 3.541 seconds (process running for 3.905)
[2024-04-23 12:56:15] INFO  - Closing JPA EntityManagerFactory for persistence unit 'default'
[2024-04-23 12:56:15] INFO  - HikariPool-1 - Shutdown initiated...
[2024-04-23 12:56:15] INFO  - HikariPool-1 - Shutdown completed.
